{"total": {"lines":{"total":141,"covered":93,"skipped":0,"pct":65.96},"statements":{"total":148,"covered":97,"skipped":0,"pct":65.54},"functions":{"total":30,"covered":23,"skipped":0,"pct":76.67},"branches":{"total":55,"covered":23,"skipped":0,"pct":41.82}}
,"/home/sammons/Workspace/pg-to-ts-classes/built/src/common/src/common/fsp.ts": {"lines":{"total":28,"covered":9,"skipped":0,"pct":32.14},"functions":{"total":2,"covered":1,"skipped":0,"pct":50},"statements":{"total":29,"covered":9,"skipped":0,"pct":31.03},"branches":{"total":12,"covered":2,"skipped":0,"pct":16.67}}
,"/home/sammons/Workspace/pg-to-ts-classes/built/src/common/src/common/helpers.ts": {"lines":{"total":5,"covered":5,"skipped":0,"pct":100},"functions":{"total":1,"covered":1,"skipped":0,"pct":100},"statements":{"total":6,"covered":5,"skipped":0,"pct":83.33},"branches":{"total":2,"covered":1,"skipped":0,"pct":50}}
,"/home/sammons/Workspace/pg-to-ts-classes/built/src/rendering/src/rendering/render-top-index.ts": {"lines":{"total":28,"covered":22,"skipped":0,"pct":78.57},"functions":{"total":8,"covered":6,"skipped":0,"pct":75},"statements":{"total":30,"covered":24,"skipped":0,"pct":80},"branches":{"total":8,"covered":4,"skipped":0,"pct":50}}
,"/home/sammons/Workspace/pg-to-ts-classes/built/src/src/extraction-queries.ts": {"lines":{"total":33,"covered":26,"skipped":0,"pct":78.79},"functions":{"total":10,"covered":10,"skipped":0,"pct":100},"statements":{"total":35,"covered":28,"skipped":0,"pct":80},"branches":{"total":18,"covered":11,"skipped":0,"pct":61.11}}
,"/home/sammons/Workspace/pg-to-ts-classes/built/src/src/pg-to-ts-classes.ts": {"lines":{"total":9,"covered":7,"skipped":0,"pct":77.78},"functions":{"total":2,"covered":1,"skipped":0,"pct":50},"statements":{"total":9,"covered":7,"skipped":0,"pct":77.78},"branches":{"total":4,"covered":1,"skipped":0,"pct":25}}
,"/home/sammons/Workspace/pg-to-ts-classes/built/test/test/sample-schema.ts": {"lines":{"total":2,"covered":1,"skipped":0,"pct":50},"functions":{"total":1,"covered":0,"skipped":0,"pct":0},"statements":{"total":2,"covered":1,"skipped":0,"pct":50},"branches":{"total":0,"covered":0,"skipped":0,"pct":100}}
,"/home/sammons/Workspace/pg-to-ts-classes/built/test/test/utility.ts": {"lines":{"total":36,"covered":23,"skipped":0,"pct":63.89},"functions":{"total":6,"covered":4,"skipped":0,"pct":66.67},"statements":{"total":37,"covered":23,"skipped":0,"pct":62.16},"branches":{"total":11,"covered":4,"skipped":0,"pct":36.36}}
}
